# JRE version: Java(TM) SE Runtime Environment (8.0_131-b11) (build 1.8.0_131-b11)
# Java VM: Java HotSpot(TM) 64-Bit Server VM (25.131-b11 mixed mode windows-amd64 compressed oops)
Heap:
 PSYoungGen      total 68608K, used 35882K [0x00000000d7500000, 0x00000000dbd00000, 0x0000000100000000)
  eden space 63488K, 56% used [0x00000000d7500000,0x00000000d980aa58,0x00000000db300000)
  from space 5120K, 0% used [0x00000000db300000,0x00000000db300000,0x00000000db800000)
  to   space 5120K, 0% used [0x00000000db800000,0x00000000db800000,0x00000000dbd00000)
 ParOldGen       total 78848K, used 21524K [0x0000000085e00000, 0x000000008ab00000, 0x00000000d7500000)
  object space 78848K, 27% used [0x0000000085e00000,0x00000000873050c0,0x000000008ab00000)
 Metaspace       used 22208K, capacity 22740K, committed 22960K, reserved 1069056K
  class space    used 2597K, capacity 2779K, committed 2816K, reserved 1048576K
GC Heap History (10 events):
Event: 2.450 GC heap before
{Heap before GC invocations=4 (full 0):
 PSYoungGen      total 36864K, used 36840K [0x00000000d7500000, 0x00000000dbd00000, 0x0000000100000000)
  eden space 31744K, 100% used [0x00000000d7500000,0x00000000d9400000,0x00000000d9400000)
  from space 5120K, 99% used [0x00000000d9400000,0x00000000d98fa040,0x00000000d9900000)
  to   space 5120K, 0% used [0x00000000db800000,0x00000000db800000,0x00000000dbd00000)
 ParOldGen       total 84992K, used 4407K [0x0000000085e00000, 0x000000008b100000, 0x00000000d7500000)
  object space 84992K, 5% used [0x0000000085e00000,0x000000008624df40,0x000000008b100000)
 Metaspace       used 15175K, capacity 15496K, committed 15872K, reserved 1062912K
  class space    used 1852K, capacity 1947K, committed 2048K, reserved 1048576K
Event: 2.462 GC heap after
Heap after GC invocations=4 (full 0):
 PSYoungGen      total 68608K, used 5112K [0x00000000d7500000, 0x00000000dbd00000, 0x0000000100000000)
  eden space 63488K, 0% used [0x00000000d7500000,0x00000000d7500000,0x00000000db300000)
  from space 5120K, 99% used [0x00000000db800000,0x00000000dbcfe050,0x00000000dbd00000)
  to   space 5120K, 0% used [0x00000000db300000,0x00000000db300000,0x00000000db800000)
 ParOldGen       total 84992K, used 9797K [0x0000000085e00000, 0x000000008b100000, 0x00000000d7500000)
  object space 84992K, 11% used [0x0000000085e00000,0x0000000086791760,0x000000008b100000)
 Metaspace       used 15175K, capacity 15496K, committed 15872K, reserved 1062912K
  class space    used 1852K, capacity 1947K, committed 2048K, reserved 1048576K
}
Event: 3.226 GC heap before
{Heap before GC invocations=5 (full 0):
 PSYoungGen      total 68608K, used 68600K [0x00000000d7500000, 0x00000000dbd00000, 0x0000000100000000)
  eden space 63488K, 100% used [0x00000000d7500000,0x00000000db300000,0x00000000db300000)
  from space 5120K, 99% used [0x00000000db800000,0x00000000dbcfe050,0x00000000dbd00000)
  to   space 5120K, 0% used [0x00000000db300000,0x00000000db300000,0x00000000db800000)
 ParOldGen       total 84992K, used 9797K [0x0000000085e00000, 0x000000008b100000, 0x00000000d7500000)
  object space 84992K, 11% used [0x0000000085e00000,0x0000000086791760,0x000000008b100000)
 Metaspace       used 15845K, capacity 16248K, committed 16384K, reserved 1062912K
  class space    used 1889K, capacity 1981K, committed 2048K, reserved 1048576K
Event: 3.239 GC heap after
Heap after GC invocations=5 (full 0):
 PSYoungGen      total 68608K, used 5096K [0x00000000d7500000, 0x00000000dbd00000, 0x0000000100000000)
  eden space 63488K, 0% used [0x00000000d7500000,0x00000000d7500000,0x00000000db300000)
  from space 5120K, 99% used [0x00000000db300000,0x00000000db7fa020,0x00000000db800000)
  to   space 5120K, 0% used [0x00000000db800000,0x00000000db800000,0x00000000dbd00000)
 ParOldGen       total 84992K, used 17352K [0x0000000085e00000, 0x000000008b100000, 0x00000000d7500000)
  object space 84992K, 20% used [0x0000000085e00000,0x0000000086ef2310,0x000000008b100000)
 Metaspace       used 15845K, capacity 16248K, committed 16384K, reserved 1062912K
  class space    used 1889K, capacity 1981K, committed 2048K, reserved 1048576K
}
Event: 4.188 GC heap before
{Heap before GC invocations=6 (full 0):
 PSYoungGen      total 68608K, used 68584K [0x00000000d7500000, 0x00000000dbd00000, 0x0000000100000000)
  eden space 63488K, 100% used [0x00000000d7500000,0x00000000db300000,0x00000000db300000)
  from space 5120K, 99% used [0x00000000db300000,0x00000000db7fa020,0x00000000db800000)
  to   space 5120K, 0% used [0x00000000db800000,0x00000000db800000,0x00000000dbd00000)
 ParOldGen       total 84992K, used 17352K [0x0000000085e00000, 0x000000008b100000, 0x00000000d7500000)
  object space 84992K, 20% used [0x0000000085e00000,0x0000000086ef2310,0x000000008b100000)
 Metaspace       used 16308K, capacity 16726K, committed 16896K, reserved 1064960K
  class space    used 1905K, capacity 1986K, committed 2048K, reserved 1048576K
Event: 4.197 GC heap after
Heap after GC invocations=6 (full 0):
 PSYoungGen      total 68608K, used 5112K [0x00000000d7500000, 0x00000000dbd00000, 0x0000000100000000)
  eden space 63488K, 0% used [0x00000000d7500000,0x00000000d7500000,0x00000000db300000)
  from space 5120K, 99% used [0x00000000db800000,0x00000000dbcfe030,0x00000000dbd00000)
  to   space 5120K, 0% used [0x00000000db300000,0x00000000db300000,0x00000000db800000)
 ParOldGen       total 84992K, used 20790K [0x0000000085e00000, 0x000000008b100000, 0x00000000d7500000)
  object space 84992K, 24% used [0x0000000085e00000,0x000000008724d9c8,0x000000008b100000)
 Metaspace       used 16308K, capacity 16726K, committed 16896K, reserved 1064960K
  class space    used 1905K, capacity 1986K, committed 2048K, reserved 1048576K
}
Event: 4.998 GC heap before
{Heap before GC invocations=7 (full 0):
 PSYoungGen      total 68608K, used 50231K [0x00000000d7500000, 0x00000000dbd00000, 0x0000000100000000)
  eden space 63488K, 71% used [0x00000000d7500000,0x00000000da10fe98,0x00000000db300000)
  from space 5120K, 99% used [0x00000000db800000,0x00000000dbcfe030,0x00000000dbd00000)
  to   space 5120K, 0% used [0x00000000db300000,0x00000000db300000,0x00000000db800000)
 ParOldGen       total 84992K, used 20790K [0x0000000085e00000, 0x000000008b100000, 0x00000000d7500000)
  object space 84992K, 24% used [0x0000000085e00000,0x000000008724d9c8,0x000000008b100000)
 Metaspace       used 20630K, capacity 21108K, committed 21296K, reserved 1069056K
  class space    used 2471K, capacity 2619K, committed 2688K, reserved 1048576K
Event: 5.012 GC heap after
Heap after GC invocations=7 (full 0):
 PSYoungGen      total 68608K, used 5088K [0x00000000d7500000, 0x00000000dbd00000, 0x0000000100000000)
  eden space 63488K, 0% used [0x00000000d7500000,0x00000000d7500000,0x00000000db300000)
  from space 5120K, 99% used [0x00000000db300000,0x00000000db7f8020,0x00000000db800000)
  to   space 5120K, 0% used [0x00000000db800000,0x00000000db800000,0x00000000dbd00000)
 ParOldGen       total 84992K, used 24624K [0x0000000085e00000, 0x000000008b100000, 0x00000000d7500000)
  object space 84992K, 28% used [0x0000000085e00000,0x000000008760c190,0x000000008b100000)
 Metaspace       used 20630K, capacity 21108K, committed 21296K, reserved 1069056K
  class space    used 2471K, capacity 2619K, committed 2688K, reserved 1048576K
}
Event: 5.012 GC heap before
{Heap before GC invocations=8 (full 1):
 PSYoungGen      total 68608K, used 5088K [0x00000000d7500000, 0x00000000dbd00000, 0x0000000100000000)
  eden space 63488K, 0% used [0x00000000d7500000,0x00000000d7500000,0x00000000db300000)
  from space 5120K, 99% used [0x00000000db300000,0x00000000db7f8020,0x00000000db800000)
  to   space 5120K, 0% used [0x00000000db800000,0x00000000db800000,0x00000000dbd00000)
 ParOldGen       total 84992K, used 24624K [0x0000000085e00000, 0x000000008b100000, 0x00000000d7500000)
  object space 84992K, 28% used [0x0000000085e00000,0x000000008760c190,0x000000008b100000)
 Metaspace       used 20630K, capacity 21108K, committed 21296K, reserved 1069056K
  class space    used 2471K, capacity 2619K, committed 2688K, reserved 1048576K
Event: 5.100 GC heap after
Heap after GC invocations=8 (full 1):
 PSYoungGen      total 68608K, used 0K [0x00000000d7500000, 0x00000000dbd00000, 0x0000000100000000)
  eden space 63488K, 0% used [0x00000000d7500000,0x00000000d7500000,0x00000000db300000)
  from space 5120K, 0% used [0x00000000db300000,0x00000000db300000,0x00000000db800000)
  to   space 5120K, 0% used [0x00000000db800000,0x00000000db800000,0x00000000dbd00000)
 ParOldGen       total 78848K, used 21524K [0x0000000085e00000, 0x000000008ab00000, 0x00000000d7500000)
  object space 78848K, 27% used [0x0000000085e00000,0x00000000873050c0,0x000000008ab00000)
 Metaspace       used 20630K, capacity 21108K, committed 21296K, reserved 1069056K
  class space    used 2471K, capacity 2619K, committed 2688K, reserved 1048576K
}

