# JRE version: Java(TM) SE Runtime Environment (8.0_131-b11) (build 1.8.0_131-b11)
# Java VM: Java HotSpot(TM) 64-Bit Server VM (25.131-b11 mixed mode windows-amd64 compressed oops)
Heap:
 PSYoungGen      total 140800K, used 10283K [0x00000000d7500000, 0x00000000e0c00000, 0x0000000100000000)
  eden space 126976K, 0% used [0x00000000d7500000,0x00000000d7500000,0x00000000df100000)
  from space 13824K, 74% used [0x00000000df100000,0x00000000dfb0ad80,0x00000000dfe80000)
  to   space 13312K, 0% used [0x00000000dff00000,0x00000000dff00000,0x00000000e0c00000)
 ParOldGen       total 84992K, used 19128K [0x0000000085e00000, 0x000000008b100000, 0x00000000d7500000)
  object space 84992K, 22% used [0x0000000085e00000,0x00000000870ae180,0x000000008b100000)
 Metaspace       used 20662K, capacity 21156K, committed 21296K, reserved 1069056K
  class space    used 2472K, capacity 2619K, committed 2688K, reserved 1048576K
GC Heap History (10 events):
Event: 2.060 GC heap after
Heap after GC invocations=3 (full 0):
 PSYoungGen      total 36864K, used 5096K [0x00000000d7500000, 0x00000000dbd00000, 0x0000000100000000)
  eden space 31744K, 0% used [0x00000000d7500000,0x00000000d7500000,0x00000000d9400000)
  from space 5120K, 99% used [0x00000000d9400000,0x00000000d98fa040,0x00000000d9900000)
  to   space 5120K, 0% used [0x00000000db800000,0x00000000db800000,0x00000000dbd00000)
 ParOldGen       total 84992K, used 4524K [0x0000000085e00000, 0x000000008b100000, 0x00000000d7500000)
  object space 84992K, 5% used [0x0000000085e00000,0x000000008626b098,0x000000008b100000)
 Metaspace       used 14795K, capacity 15034K, committed 15232K, reserved 1062912K
  class space    used 1836K, capacity 1910K, committed 1920K, reserved 1048576K
}
Event: 2.553 GC heap before
{Heap before GC invocations=4 (full 0):
 PSYoungGen      total 36864K, used 36840K [0x00000000d7500000, 0x00000000dbd00000, 0x0000000100000000)
  eden space 31744K, 100% used [0x00000000d7500000,0x00000000d9400000,0x00000000d9400000)
  from space 5120K, 99% used [0x00000000d9400000,0x00000000d98fa040,0x00000000d9900000)
  to   space 5120K, 0% used [0x00000000db800000,0x00000000db800000,0x00000000dbd00000)
 ParOldGen       total 84992K, used 4524K [0x0000000085e00000, 0x000000008b100000, 0x00000000d7500000)
  object space 84992K, 5% used [0x0000000085e00000,0x000000008626b098,0x000000008b100000)
 Metaspace       used 15178K, capacity 15544K, committed 15872K, reserved 1062912K
  class space    used 1852K, capacity 1947K, committed 2048K, reserved 1048576K
Event: 2.564 GC heap after
Heap after GC invocations=4 (full 0):
 PSYoungGen      total 68608K, used 5112K [0x00000000d7500000, 0x00000000dbd00000, 0x0000000100000000)
  eden space 63488K, 0% used [0x00000000d7500000,0x00000000d7500000,0x00000000db300000)
  from space 5120K, 99% used [0x00000000db800000,0x00000000dbcfe010,0x00000000dbd00000)
  to   space 5120K, 0% used [0x00000000db300000,0x00000000db300000,0x00000000db800000)
 ParOldGen       total 84992K, used 9890K [0x0000000085e00000, 0x000000008b100000, 0x00000000d7500000)
  object space 84992K, 11% used [0x0000000085e00000,0x00000000867a88b8,0x000000008b100000)
 Metaspace       used 15178K, capacity 15544K, committed 15872K, reserved 1062912K
  class space    used 1852K, capacity 1947K, committed 2048K, reserved 1048576K
}
Event: 3.245 GC heap before
{Heap before GC invocations=5 (full 0):
 PSYoungGen      total 68608K, used 68600K [0x00000000d7500000, 0x00000000dbd00000, 0x0000000100000000)
  eden space 63488K, 100% used [0x00000000d7500000,0x00000000db300000,0x00000000db300000)
  from space 5120K, 99% used [0x00000000db800000,0x00000000dbcfe010,0x00000000dbd00000)
  to   space 5120K, 0% used [0x00000000db300000,0x00000000db300000,0x00000000db800000)
 ParOldGen       total 84992K, used 9890K [0x0000000085e00000, 0x000000008b100000, 0x00000000d7500000)
  object space 84992K, 11% used [0x0000000085e00000,0x00000000867a88b8,0x000000008b100000)
 Metaspace       used 15842K, capacity 16164K, committed 16384K, reserved 1062912K
  class space    used 1889K, capacity 1981K, committed 2048K, reserved 1048576K
Event: 3.267 GC heap after
Heap after GC invocations=5 (full 0):
 PSYoungGen      total 68608K, used 5112K [0x00000000d7500000, 0x00000000e0d00000, 0x0000000100000000)
  eden space 63488K, 0% used [0x00000000d7500000,0x00000000d7500000,0x00000000db300000)
  from space 5120K, 99% used [0x00000000db300000,0x00000000db7fe030,0x00000000db800000)
  to   space 14336K, 0% used [0x00000000dff00000,0x00000000dff00000,0x00000000e0d00000)
 ParOldGen       total 84992K, used 17332K [0x0000000085e00000, 0x000000008b100000, 0x00000000d7500000)
  object space 84992K, 20% used [0x0000000085e00000,0x0000000086eed120,0x000000008b100000)
 Metaspace       used 15842K, capacity 16164K, committed 16384K, reserved 1062912K
  class space    used 1889K, capacity 1981K, committed 2048K, reserved 1048576K
}
Event: 4.440 GC heap before
{Heap before GC invocations=6 (full 0):
 PSYoungGen      total 68608K, used 68600K [0x00000000d7500000, 0x00000000e0d00000, 0x0000000100000000)
  eden space 63488K, 100% used [0x00000000d7500000,0x00000000db300000,0x00000000db300000)
  from space 5120K, 99% used [0x00000000db300000,0x00000000db7fe030,0x00000000db800000)
  to   space 14336K, 0% used [0x00000000dff00000,0x00000000dff00000,0x00000000e0d00000)
 ParOldGen       total 84992K, used 17332K [0x0000000085e00000, 0x000000008b100000, 0x00000000d7500000)
  object space 84992K, 20% used [0x0000000085e00000,0x0000000086eed120,0x000000008b100000)
 Metaspace       used 16308K, capacity 16710K, committed 16896K, reserved 1064960K
  class space    used 1905K, capacity 1986K, committed 2048K, reserved 1048576K
Event: 4.452 GC heap after
Heap after GC invocations=6 (full 0):
 PSYoungGen      total 140288K, used 8648K [0x00000000d7500000, 0x00000000e0c00000, 0x0000000100000000)
  eden space 126976K, 0% used [0x00000000d7500000,0x00000000d7500000,0x00000000df100000)
  from space 13312K, 64% used [0x00000000dff00000,0x00000000e0772020,0x00000000e0c00000)
  to   space 13824K, 0% used [0x00000000df100000,0x00000000df100000,0x00000000dfe80000)
 ParOldGen       total 84992K, used 17340K [0x0000000085e00000, 0x000000008b100000, 0x00000000d7500000)
  object space 84992K, 20% used [0x0000000085e00000,0x0000000086eef120,0x000000008b100000)
 Metaspace       used 16308K, capacity 16710K, committed 16896K, reserved 1064960K
  class space    used 1905K, capacity 1986K, committed 2048K, reserved 1048576K
}
Event: 5.795 GC heap before
{Heap before GC invocations=7 (full 0):
 PSYoungGen      total 140288K, used 56200K [0x00000000d7500000, 0x00000000e0c00000, 0x0000000100000000)
  eden space 126976K, 37% used [0x00000000d7500000,0x00000000da36ffe8,0x00000000df100000)
  from space 13312K, 64% used [0x00000000dff00000,0x00000000e0772020,0x00000000e0c00000)
  to   space 13824K, 0% used [0x00000000df100000,0x00000000df100000,0x00000000dfe80000)
 ParOldGen       total 84992K, used 17340K [0x0000000085e00000, 0x000000008b100000, 0x00000000d7500000)
  object space 84992K, 20% used [0x0000000085e00000,0x0000000086eef120,0x000000008b100000)
 Metaspace       used 20662K, capacity 21156K, committed 21296K, reserved 1069056K
  class space    used 2472K, capacity 2619K, committed 2688K, reserved 1048576K
Event: 5.835 GC heap after
Heap after GC invocations=7 (full 0):
 PSYoungGen      total 140800K, used 10283K [0x00000000d7500000, 0x00000000e0c00000, 0x0000000100000000)
  eden space 126976K, 0% used [0x00000000d7500000,0x00000000d7500000,0x00000000df100000)
  from space 13824K, 74% used [0x00000000df100000,0x00000000dfb0ad80,0x00000000dfe80000)
  to   space 13312K, 0% used [0x00000000dff00000,0x00000000dff00000,0x00000000e0c00000)
 ParOldGen       total 84992K, used 19128K [0x0000000085e00000, 0x000000008b100000, 0x00000000d7500000)
  object space 84992K, 22% used [0x0000000085e00000,0x00000000870ae180,0x000000008b100000)
 Metaspace       used 20662K, capacity 21156K, committed 21296K, reserved 1069056K
  class space    used 2472K, capacity 2619K, committed 2688K, reserved 1048576K
}
Event: 5.835 GC heap before
{Heap before GC invocations=8 (full 1):
 PSYoungGen      total 140800K, used 10283K [0x00000000d7500000, 0x00000000e0c00000, 0x0000000100000000)
  eden space 126976K, 0% used [0x00000000d7500000,0x00000000d7500000,0x00000000df100000)
  from space 13824K, 74% used [0x00000000df100000,0x00000000dfb0ad80,0x00000000dfe80000)
  to   space 13312K, 0% used [0x00000000dff00000,0x00000000dff00000,0x00000000e0c00000)
 ParOldGen       total 84992K, used 19128K [0x0000000085e00000, 0x000000008b100000, 0x00000000d7500000)
  object space 84992K, 22% used [0x0000000085e00000,0x00000000870ae180,0x000000008b100000)
 Metaspace       used 20662K, capacity 21156K, committed 21296K, reserved 1069056K
  class space    used 2472K, capacity 2619K, committed 2688K, reserved 1048576K

